<?xml version="1.0" encoding="utf-8"?><testsuites name="pytest tests"><testsuite name="pytest" errors="0" failures="0" skipped="0" tests="12" time="3.826" timestamp="2026-04-18T06:21:27.693628+00:00" hostname="agent-env-1571545c-4870-4334-93bf-d8635c70287b"><testcase classname="tests.test_auth.TestAuthRegister" name="test_register_success_and_verify" time="0.557" /><testcase classname="tests.test_auth.TestAuthRegister" name="test_register_duplicate_email" time="0.444" /><testcase classname="tests.test_auth.TestAuthRegister" name="test_register_invalid_email" time="0.132" /><testcase classname="tests.test_auth.TestAuthRegister" name="test_register_short_password" time="0.175" /><testcase classname="tests.test_auth.TestAuthRegister" name="test_register_missing_fields" time="0.099" /><testcase classname="tests.test_auth.TestAuthLogin" name="test_login_success" time="0.604" /><testcase classname="tests.test_auth.TestAuthLogin" name="test_login_wrong_password" time="0.611" /><testcase classname="tests.test_auth.TestAuthLogin" name="test_login_nonexistent_user" time="0.169" /><testcase classname="tests.test_auth.TestAuthMe" name="test_me_with_valid_token" time="0.417" /><testcase classname="tests.test_auth.TestAuthMe" name="test_me_without_token" time="0.108" /><testcase classname="tests.test_auth.TestAuthMe" name="test_me_with_invalid_token" time="0.098" /><testcase classname="tests.test_auth.TestKnownTestUser" name="test_login_with_known_user_or_create" time="0.329" /></testsuite></testsuites>